{"uid":"44ea74c59a5bfb71","name":"After login should be in the select workspace page and click on ODM buyer","fullName":"After login should be in the select workspace page and click on ODM buyer","historyId":"01af11f3b30242e144c291230bd8759c","time":{"start":1761807988415,"stop":1761807994737,"duration":6322},"status":"failed","statusMessage":"Timed out retrying after 4000ms: Expected to find content: 'SS' within the selector: 'div' but never did.","statusTrace":"AssertionError: Timed out retrying after 4000ms: Expected to find content: 'SS' within the selector: 'div' but never did.\n    at Context.eval (webpack://cypress-uvp/./cypress/support/commands.js:37:5)\n    at wrapped (https://platform.impetusz0.de/__cypress/runner/cypress_runner.js:141588:43)","flaky":false,"newFailed":false,"newBroken":false,"newPassed":false,"retriesCount":0,"retriesStatusChange":false,"beforeStages":[],"testStage":{"status":"failed","statusMessage":"Timed out retrying after 4000ms: Expected to find content: 'SS' within the selector: 'div' but never did.","statusTrace":"AssertionError: Timed out retrying after 4000ms: Expected to find content: 'SS' within the selector: 'div' but never did.\n    at Context.eval (webpack://cypress-uvp/./cypress/support/commands.js:37:5)\n    at wrapped (https://platform.impetusz0.de/__cypress/runner/cypress_runner.js:141588:43)","steps":[{"name":"\"before each\" hook","time":{"start":1761807988417,"stop":1761807989157,"duration":740},"status":"failed","statusMessage":"The following error originated from your application code, not from Cypress.\n\n  > Unexpected token '<'\n\nWhen Cypress detects uncaught errors originating from your application it will automatically fail the current test.\n\nThis behavior is configurable, and you can choose to turn this off by listening to the `uncaught:exception` event.\n\nThis error occurred while creating the session. Because the session setup failed, we failed the test.","statusTrace":"SyntaxError: The following error originated from your application code, not from Cypress.\n\n  > Unexpected token '<'\n\nWhen Cypress detects uncaught errors originating from your application it will automatically fail the current test.\n\nThis behavior is configurable, and you can choose to turn this off by listening to the `uncaught:exception` event.\n\nThis error occurred while creating the session. Because the session setup failed, we failed the test.\nSyntaxError: The following error originated from your application code, not from Cypress.\n\n  > Unexpected token '<'\n\nWhen Cypress detects uncaught errors originating from your application it will automatically fail the current test.\n\nThis behavior is configurable, and you can choose to turn this off by listening to the `uncaught:exception` event.\nFrom previous event:\n    at Promise.longStackTracesCaptureStackTrace [as _captureStackTrace] (https://platform.impetusz0.de/__cypress/runner/cypress_runner.js:3456:19)\n    at Promise._then (https://platform.impetusz0.de/__cypress/runner/cypress_runner.js:1209:17)\n    at Promise._passThrough (https://platform.impetusz0.de/__cypress/runner/cypress_runner.js:4080:17)\n    at Promise.lastly.Promise.finally (https://platform.impetusz0.de/__cypress/runner/cypress_runner.js:4089:17)\n    at Object.onRunnableRun (https://platform.impetusz0.de/__cypress/runner/cypress_runner.js:166997:53)\n    at $Cypress.action (https://platform.impetusz0.de/__cypress/runner/cypress_runner.js:41596:28)\n    at Runnable.run (https://platform.impetusz0.de/__cypress/runner/cypress_runner.js:148936:13)\n    at next (https://platform.impetusz0.de/__cypress/runner/cypress_runner.js:159199:10)\n    at https://platform.impetusz0.de/__cypress/runner/cypress_runner.js:159243:5\n    at timeslice (https://platform.impetusz0.de/__cypress/runner/cypress_runner.js:149287:27)","steps":[{"name":"session user-session","time":{"start":1761807988418,"stop":1761807989157,"duration":739},"status":"failed","steps":[{"name":"login","time":{"start":1761807988469,"stop":1761807989156,"duration":687},"status":"failed","steps":[{"name":"visit https://platform.impetusz0.de/auth/login","time":{"start":1761807988472,"stop":1761807989156,"duration":684},"status":"failed","steps":[],"attachments":[],"parameters":[],"shouldDisplayMessage":false,"stepsCount":0,"attachmentsCount":0,"hasContent":false,"attachmentStep":false},{"name":"uncaught exception SyntaxError: Unexpected token '<'","time":{"start":1761807989156,"stop":1761807989156,"duration":0},"status":"failed","steps":[],"attachments":[],"parameters":[],"shouldDisplayMessage":false,"stepsCount":0,"attachmentsCount":0,"hasContent":false,"attachmentStep":false}],"attachments":[],"parameters":[],"shouldDisplayMessage":false,"stepsCount":2,"attachmentsCount":0,"hasContent":true,"attachmentStep":false},{"name":"sessions_manager","time":{"start":1761807989156,"stop":1761807989156,"duration":0},"status":"passed","steps":[],"attachments":[],"parameters":[],"shouldDisplayMessage":false,"stepsCount":0,"attachmentsCount":0,"hasContent":false,"attachmentStep":false},{"name":"session","time":{"start":1761807989157,"stop":1761807989157,"duration":0},"status":"failed","steps":[],"attachments":[],"parameters":[],"shouldDisplayMessage":false,"stepsCount":0,"attachmentsCount":0,"hasContent":false,"attachmentStep":false},{"name":"Clear page","time":{"start":1761807989157,"stop":1761807989157,"duration":0},"status":"passed","steps":[],"attachments":[],"parameters":[],"shouldDisplayMessage":false,"stepsCount":0,"attachmentsCount":0,"hasContent":false,"attachmentStep":false}],"attachments":[],"parameters":[],"shouldDisplayMessage":false,"stepsCount":6,"attachmentsCount":0,"hasContent":true,"attachmentStep":false}],"attachments":[],"parameters":[],"shouldDisplayMessage":true,"stepsCount":7,"attachmentsCount":0,"hasContent":true,"attachmentStep":false},{"name":"\"after each\" hook","time":{"start":1761807989165,"stop":1761807990455,"duration":1290},"status":"passed","steps":[{"name":"screenshot","time":{"start":1761807989167,"stop":1761807990449,"duration":1282},"status":"passed","steps":[],"attachments":[],"parameters":[],"shouldDisplayMessage":false,"stepsCount":0,"attachmentsCount":0,"hasContent":false,"attachmentStep":false}],"attachments":[{"uid":"40ae0707e3c31d68","name":"Screenshot","source":"40ae0707e3c31d68.png","type":"image/png","size":22}],"parameters":[],"shouldDisplayMessage":false,"stepsCount":1,"attachmentsCount":1,"hasContent":true,"attachmentStep":false}],"attachments":[],"parameters":[],"shouldDisplayMessage":true,"stepsCount":10,"attachmentsCount":1,"hasContent":true,"attachmentStep":false},"afterStages":[{"time":{},"status":"failed","statusMessage":"Timed out retrying after 4000ms: Expected to find content: 'SS' within the selector: 'div' but never did.","statusTrace":"AssertionError: Timed out retrying after 4000ms: Expected to find content: 'SS' within the selector: 'div' but never did.\n    at Context.eval (webpack://cypress-uvp/./cypress/support/commands.js:37:5)\n    at wrapped (https://platform.impetusz0.de/__cypress/runner/cypress_runner.js:141588:43)","steps":[{"name":"logout","time":{"start":1761807990717,"stop":1761807994737,"duration":4020},"status":"failed","steps":[{"name":"contains div, SS","time":{"start":1761807990718,"stop":1761807994737,"duration":4019},"status":"failed","steps":[],"attachments":[],"parameters":[],"shouldDisplayMessage":false,"stepsCount":0,"attachmentsCount":0,"hasContent":false,"attachmentStep":false}],"attachments":[],"parameters":[],"shouldDisplayMessage":false,"stepsCount":1,"attachmentsCount":0,"hasContent":true,"attachmentStep":false}],"attachments":[],"parameters":[],"shouldDisplayMessage":true,"stepsCount":2,"attachmentsCount":0,"hasContent":true,"attachmentStep":false}],"labels":[{"name":"package","value":"cypress.e2e.sanityflow.cy.js"},{"name":"suite","value":"RA buyer"},{"name":"resultFormat","value":"allure2"}],"parameters":[],"links":[],"hidden":true,"retry":true,"extra":{"categories":[],"tags":[]},"source":"44ea74c59a5bfb71.json","parameterValues":[]}