{"uid":"67eae61fc78186ea","name":"After login should be in the select workspace page and click on ODM buuyer","fullName":"After login should be in the select workspace page and click on ODM buuyer","historyId":"37d04a47a5f5367d194091e8e90ff44d","time":{"start":1761582349186,"stop":1761582459519,"duration":110333},"status":"broken","statusMessage":"Timed out retrying after 20000ms: Expected to find element: `input[data-testid=\"email\"]`, but never found it.\n\nThis error occurred while creating the session. Because the session setup failed, we failed the test.","statusTrace":"AssertionError: Timed out retrying after 20000ms: Expected to find element: `input[data-testid=\"email\"]`, but never found it.\n\nThis error occurred while creating the session. Because the session setup failed, we failed the test.\n    at Context.eval (webpack://cypress-uvp/./cypress/support/commands.js:13:57)\n    at wrapped (https://platform.impetusz0.de/__cypress/runner/cypress_runner.js:141588:43)","flaky":false,"newFailed":false,"newBroken":false,"newPassed":false,"retriesCount":0,"retriesStatusChange":false,"beforeStages":[],"testStage":{"status":"broken","statusMessage":"Timed out retrying after 20000ms: Expected to find element: `input[data-testid=\"email\"]`, but never found it.\n\nThis error occurred while creating the session. Because the session setup failed, we failed the test.","statusTrace":"AssertionError: Timed out retrying after 20000ms: Expected to find element: `input[data-testid=\"email\"]`, but never found it.\n\nThis error occurred while creating the session. Because the session setup failed, we failed the test.\n    at Context.eval (webpack://cypress-uvp/./cypress/support/commands.js:13:57)\n    at wrapped (https://platform.impetusz0.de/__cypress/runner/cypress_runner.js:141588:43)","steps":[{"name":"\"before each\" hook","time":{"start":1761582349188,"stop":1761582459519,"duration":110331},"status":"failed","statusMessage":"Timed out retrying after 20000ms: Expected to find element: `input[data-testid=\"email\"]`, but never found it.\n\nThis error occurred while creating the session. Because the session setup failed, we failed the test.","statusTrace":"AssertionError: Timed out retrying after 20000ms: Expected to find element: `input[data-testid=\"email\"]`, but never found it.\n\nThis error occurred while creating the session. Because the session setup failed, we failed the test.\n    at Context.eval (webpack://cypress-uvp/./cypress/support/commands.js:13:57)\n    at wrapped (https://platform.impetusz0.de/__cypress/runner/cypress_runner.js:141588:43)","steps":[{"name":"session user-session","time":{"start":1761582349189,"stop":1761582459519,"duration":110330},"status":"failed","steps":[{"name":"login","time":{"start":1761582349226,"stop":1761582459518,"duration":110292},"status":"failed","steps":[{"name":"visit https://platform.impetusz0.de/auth/login","time":{"start":1761582349230,"stop":1761582409134,"duration":59904},"status":"passed","steps":[],"attachments":[],"parameters":[],"shouldDisplayMessage":false,"stepsCount":0,"attachmentsCount":0,"hasContent":false,"attachmentStep":false},{"name":"uncaught exception SyntaxError: Unexpected token '<'","time":{"start":1761582409133,"stop":1761582409134,"duration":1},"status":"passed","steps":[],"attachments":[],"parameters":[],"shouldDisplayMessage":false,"stepsCount":0,"attachmentsCount":0,"hasContent":false,"attachmentStep":false},{"name":"wait 30000","time":{"start":1761582409134,"stop":1761582439140,"duration":30006},"status":"passed","steps":[],"attachments":[],"parameters":[],"shouldDisplayMessage":false,"stepsCount":0,"attachmentsCount":0,"hasContent":false,"attachmentStep":false},{"name":"get input[data-testid=\"email\"]","time":{"start":1761582439143,"stop":1761582459518,"duration":20375},"status":"failed","steps":[],"attachments":[],"parameters":[],"shouldDisplayMessage":false,"stepsCount":0,"attachmentsCount":0,"hasContent":false,"attachmentStep":false},{"name":"assert expected **input[data-testid=\"email\"]** to be **visible**","time":{"start":1761582459518,"stop":1761582459518,"duration":0},"status":"failed","steps":[],"attachments":[],"parameters":[{"name":"actual","value":"input[data-testid=\"email\"]"},{"name":"expected","value":"visible"}],"shouldDisplayMessage":false,"stepsCount":0,"attachmentsCount":0,"hasContent":true,"attachmentStep":false}],"attachments":[],"parameters":[],"shouldDisplayMessage":false,"stepsCount":5,"attachmentsCount":0,"hasContent":true,"attachmentStep":false},{"name":"sessions_manager","time":{"start":1761582459518,"stop":1761582459518,"duration":0},"status":"passed","steps":[],"attachments":[],"parameters":[],"shouldDisplayMessage":false,"stepsCount":0,"attachmentsCount":0,"hasContent":false,"attachmentStep":false},{"name":"session","time":{"start":1761582459519,"stop":1761582459519,"duration":0},"status":"failed","steps":[],"attachments":[],"parameters":[],"shouldDisplayMessage":false,"stepsCount":0,"attachmentsCount":0,"hasContent":false,"attachmentStep":false},{"name":"Clear page","time":{"start":1761582459519,"stop":1761582459519,"duration":0},"status":"passed","steps":[],"attachments":[],"parameters":[],"shouldDisplayMessage":false,"stepsCount":0,"attachmentsCount":0,"hasContent":false,"attachmentStep":false}],"attachments":[],"parameters":[],"shouldDisplayMessage":false,"stepsCount":9,"attachmentsCount":0,"hasContent":true,"attachmentStep":false}],"attachments":[],"parameters":[],"shouldDisplayMessage":true,"stepsCount":10,"attachmentsCount":0,"hasContent":true,"attachmentStep":false}],"attachments":[{"uid":"155f0b9866f888f9","name":"raBuyer.cy.js:2025-10-27T16:27:39.153Z","source":"155f0b9866f888f9.png","type":"image/png","size":193137},{"uid":"1d6b31999abc423a","name":"raBuyer.cy.js:2025-10-27T16:27:39.539Z","source":"1d6b31999abc423a.png","type":"image/png","size":16867}],"parameters":[],"shouldDisplayMessage":false,"stepsCount":11,"attachmentsCount":2,"hasContent":true,"attachmentStep":false},"afterStages":[{"time":{},"status":"failed","statusMessage":"Timed out retrying after 4000ms: Expected to find content: 'SS' within the selector: 'div' but never did.","statusTrace":"AssertionError: Timed out retrying after 4000ms: Expected to find content: 'SS' within the selector: 'div' but never did.\n    at Context.eval (webpack://cypress-uvp/./cypress/support/commands.js:28:5)\n    at wrapped (https://platform.impetusz0.de/__cypress/runner/cypress_runner.js:141588:43)","steps":[{"name":"logout","time":{"start":1761582460319,"stop":1761582464683,"duration":4364},"status":"failed","steps":[{"name":"contains div, SS","time":{"start":1761582460321,"stop":1761582464683,"duration":4362},"status":"failed","steps":[],"attachments":[],"parameters":[],"shouldDisplayMessage":false,"stepsCount":0,"attachmentsCount":0,"hasContent":false,"attachmentStep":false}],"attachments":[],"parameters":[],"shouldDisplayMessage":false,"stepsCount":1,"attachmentsCount":0,"hasContent":true,"attachmentStep":false}],"attachments":[],"parameters":[],"shouldDisplayMessage":true,"stepsCount":2,"attachmentsCount":0,"hasContent":true,"attachmentStep":false}],"labels":[{"name":"package","value":"cypress.e2e.raBuyer.cy.js"},{"name":"suite","value":"RA buyer"},{"name":"resultFormat","value":"allure2"}],"parameters":[],"links":[],"hidden":true,"retry":true,"extra":{"categories":[],"tags":[]},"source":"67eae61fc78186ea.json","parameterValues":[]}