{"uid":"c65323bc8a00fb06","name":"After login should be in the select workspace page and click on ODM buuyer","fullName":"After login should be in the select workspace page and click on ODM buuyer","historyId":"37d04a47a5f5367d194091e8e90ff44d","time":{"start":1761646012441,"stop":1761646063501,"duration":51060},"status":"broken","statusMessage":"Timed out retrying after 20000ms: Expected to find element: `input[data-testid=\"email\"]`, but never found it.\n\nThis error occurred while creating the session. Because the session setup failed, we failed the test.","statusTrace":"AssertionError: Timed out retrying after 20000ms: Expected to find element: `input[data-testid=\"email\"]`, but never found it.\n\nThis error occurred while creating the session. Because the session setup failed, we failed the test.\n    at Context.eval (webpack://cypress-uvp/./cypress/support/commands.js:22:57)\n    at wrapped (https://platform.impetusz0.de/__cypress/runner/cypress_runner.js:141588:43)","flaky":false,"newFailed":false,"newBroken":false,"newPassed":false,"retriesCount":0,"retriesStatusChange":false,"beforeStages":[],"testStage":{"status":"broken","statusMessage":"Timed out retrying after 20000ms: Expected to find element: `input[data-testid=\"email\"]`, but never found it.\n\nThis error occurred while creating the session. Because the session setup failed, we failed the test.","statusTrace":"AssertionError: Timed out retrying after 20000ms: Expected to find element: `input[data-testid=\"email\"]`, but never found it.\n\nThis error occurred while creating the session. Because the session setup failed, we failed the test.\n    at Context.eval (webpack://cypress-uvp/./cypress/support/commands.js:22:57)\n    at wrapped (https://platform.impetusz0.de/__cypress/runner/cypress_runner.js:141588:43)","steps":[{"name":"\"before each\" hook","time":{"start":1761646012441,"stop":1761646063500,"duration":51059},"status":"failed","statusMessage":"Timed out retrying after 20000ms: Expected to find element: `input[data-testid=\"email\"]`, but never found it.\n\nThis error occurred while creating the session. Because the session setup failed, we failed the test.","statusTrace":"AssertionError: Timed out retrying after 20000ms: Expected to find element: `input[data-testid=\"email\"]`, but never found it.\n\nThis error occurred while creating the session. Because the session setup failed, we failed the test.\n    at Context.eval (webpack://cypress-uvp/./cypress/support/commands.js:22:57)\n    at wrapped (https://platform.impetusz0.de/__cypress/runner/cypress_runner.js:141588:43)","steps":[{"name":"session user-session","time":{"start":1761646012442,"stop":1761646063500,"duration":51058},"status":"failed","steps":[{"name":"login","time":{"start":1761646012477,"stop":1761646063500,"duration":51023},"status":"failed","steps":[{"name":"visit https://platform.impetusz0.de/auth/login","time":{"start":1761646012479,"stop":1761646013477,"duration":998},"status":"passed","steps":[],"attachments":[],"parameters":[],"shouldDisplayMessage":false,"stepsCount":0,"attachmentsCount":0,"hasContent":false,"attachmentStep":false},{"name":"uncaught exception SyntaxError: Unexpected token '<'","time":{"start":1761646013477,"stop":1761646013477,"duration":0},"status":"passed","steps":[],"attachments":[],"parameters":[],"shouldDisplayMessage":false,"stepsCount":0,"attachmentsCount":0,"hasContent":false,"attachmentStep":false},{"name":"wait 30000","time":{"start":1761646013477,"stop":1761646043488,"duration":30011},"status":"passed","steps":[],"attachments":[],"parameters":[],"shouldDisplayMessage":false,"stepsCount":0,"attachmentsCount":0,"hasContent":false,"attachmentStep":false},{"name":"uncaught exception TypeError: Failed to fetch dynamically imported module: https://prereco.frontend.impetusz0.de/assets/remoteEntry.js","time":{"start":1761646043487,"stop":1761646043488,"duration":1},"status":"passed","steps":[],"attachments":[],"parameters":[],"shouldDisplayMessage":false,"stepsCount":0,"attachmentsCount":0,"hasContent":false,"attachmentStep":false},{"name":"get input[data-testid=\"email\"]","time":{"start":1761646043488,"stop":1761646063500,"duration":20012},"status":"failed","steps":[],"attachments":[],"parameters":[],"shouldDisplayMessage":false,"stepsCount":0,"attachmentsCount":0,"hasContent":false,"attachmentStep":false},{"name":"assert expected **input[data-testid=\"email\"]** to be **visible**","time":{"start":1761646063500,"stop":1761646063500,"duration":0},"status":"failed","steps":[],"attachments":[],"parameters":[{"name":"actual","value":"input[data-testid=\"email\"]"},{"name":"expected","value":"visible"}],"shouldDisplayMessage":false,"stepsCount":0,"attachmentsCount":0,"hasContent":true,"attachmentStep":false}],"attachments":[],"parameters":[],"shouldDisplayMessage":false,"stepsCount":6,"attachmentsCount":0,"hasContent":true,"attachmentStep":false},{"name":"sessions_manager","time":{"start":1761646063500,"stop":1761646063500,"duration":0},"status":"passed","steps":[],"attachments":[],"parameters":[],"shouldDisplayMessage":false,"stepsCount":0,"attachmentsCount":0,"hasContent":false,"attachmentStep":false},{"name":"session","time":{"start":1761646063500,"stop":1761646063500,"duration":0},"status":"failed","steps":[],"attachments":[],"parameters":[],"shouldDisplayMessage":false,"stepsCount":0,"attachmentsCount":0,"hasContent":false,"attachmentStep":false},{"name":"Clear page","time":{"start":1761646063500,"stop":1761646063500,"duration":0},"status":"passed","steps":[],"attachments":[],"parameters":[],"shouldDisplayMessage":false,"stepsCount":0,"attachmentsCount":0,"hasContent":false,"attachmentStep":false}],"attachments":[],"parameters":[],"shouldDisplayMessage":false,"stepsCount":10,"attachmentsCount":0,"hasContent":true,"attachmentStep":false}],"attachments":[],"parameters":[],"shouldDisplayMessage":true,"stepsCount":11,"attachmentsCount":0,"hasContent":true,"attachmentStep":false}],"attachments":[],"parameters":[],"shouldDisplayMessage":false,"stepsCount":12,"attachmentsCount":0,"hasContent":true,"attachmentStep":false},"afterStages":[{"time":{},"status":"failed","statusMessage":"Timed out retrying after 4000ms: Expected to find content: 'SS' within the selector: 'div' but never did.","statusTrace":"AssertionError: Timed out retrying after 4000ms: Expected to find content: 'SS' within the selector: 'div' but never did.\n    at Context.eval (webpack://cypress-uvp/./cypress/support/commands.js:37:5)\n    at wrapped (https://platform.impetusz0.de/__cypress/runner/cypress_runner.js:141588:43)","steps":[{"name":"logout","time":{"start":1761646065348,"stop":1761646069348,"duration":4000},"status":"failed","steps":[{"name":"contains div, SS","time":{"start":1761646065350,"stop":1761646069348,"duration":3998},"status":"failed","steps":[],"attachments":[],"parameters":[],"shouldDisplayMessage":false,"stepsCount":0,"attachmentsCount":0,"hasContent":false,"attachmentStep":false}],"attachments":[],"parameters":[],"shouldDisplayMessage":false,"stepsCount":1,"attachmentsCount":0,"hasContent":true,"attachmentStep":false}],"attachments":[],"parameters":[],"shouldDisplayMessage":true,"stepsCount":2,"attachmentsCount":0,"hasContent":true,"attachmentStep":false}],"labels":[{"name":"package","value":"cypress.e2e.raBuyer.cy.js"},{"name":"suite","value":"RA buyer"},{"name":"resultFormat","value":"allure2"}],"parameters":[],"links":[],"hidden":true,"retry":true,"extra":{"categories":[],"tags":[]},"source":"c65323bc8a00fb06.json","parameterValues":[]}